<?xml version="1.0" encoding="UTF-8"?>
<!-- Generated by org.testng.reporters.JUnitReportReporter -->
<testsuite name="scripts.InvalidLogin" tests="1" time="15.950" ignored="0" failures="0" timestamp="13 Oct 2019 15:05:52 GMT" skipped="0" hostname="Admin-PC" errors="0">
  <testcase name="testInvalidLogin" time="15.950" classname="scripts.InvalidLogin"/>
</testsuite> <!-- scripts.InvalidLogin -->
