<?xml version="1.0" encoding="UTF-8"?>
<!-- Generated by org.testng.reporters.JUnitReportReporter -->
<testsuite name="scripts.VerifyActitimeVersion" tests="1" time="22.545" ignored="0" failures="0" timestamp="13 Oct 2019 16:33:13 GMT" skipped="0" hostname="Admin-PC" errors="0">
  <testcase name="testVerifyVersion" time="22.545" classname="scripts.VerifyActitimeVersion"/>
</testsuite> <!-- scripts.VerifyActitimeVersion -->
