<?xml version="1.0" encoding="UTF-8"?>
<!-- Generated by org.testng.reporters.JUnitReportReporter -->
<testsuite name="scripts.InvalidLogin" tests="1" time="405.284" ignored="0" failures="0" timestamp="14 Jan 2020 15:16:17 GMT" skipped="0" hostname="Admin-PC" errors="0">
  <testcase name="testInvalidLogin" time="405.284" classname="scripts.InvalidLogin"/>
</testsuite> <!-- scripts.InvalidLogin -->
