<?xml version="1.0" encoding="UTF-8"?>
<!-- Generated by org.testng.reporters.JUnitReportReporter -->
<testsuite name="scripts.ValidLoginLogout" tests="1" time="34.630" ignored="0" failures="0" timestamp="12 Oct 2019 15:50:49 GMT" skipped="0" hostname="Admin-PC" errors="0">
  <testcase name="testValidLoginLogout" time="34.630" classname="scripts.ValidLoginLogout"/>
</testsuite> <!-- scripts.ValidLoginLogout -->
